<?xml version="1.0" encoding="UTF-8"?>
<testsuite xmlns:xsi="http://www.w3.org/2001/XMLSchema-instance" xsi:noNamespaceSchemaLocation="https://maven.apache.org/surefire/maven-surefire-plugin/xsd/surefire-test-report.xsd" name="it.isislab.p2p.chat.TestSemanticHarmonySocialNetwork" time="23.261" tests="10" errors="0" skipped="0" failures="0">
  <properties>
[...]
</properties>
  <testcase name="testCaseAddUserToGroup" classname="it.isislab.p2p.chat.TestSemanticHarmonySocialNetwork" time="3.166"/>
  <testcase name="testCaseCreateGroup" classname="it.isislab.p2p.chat.TestSemanticHarmonySocialNetwork" time="2.397"/>
  <testcase name="testCaseCreateAUserProfileKey" classname="it.isislab.p2p.chat.TestSemanticHarmonySocialNetwork" time="2.22"/>
  <testcase name="testCaseGetUserProfileQuestions" classname="it.isislab.p2p.chat.TestSemanticHarmonySocialNetwork" time="2.207"/>
  <testcase name="testLeaveNetwork" classname="it.isislab.p2p.chat.TestSemanticHarmonySocialNetwork" time="2.218"/>
  <testcase name="testCaseRegisterNickname" classname="it.isislab.p2p.chat.TestSemanticHarmonySocialNetwork" time="2.182"/>
  <testcase name="testCaseLeaveGroup" classname="it.isislab.p2p.chat.TestSemanticHarmonySocialNetwork" time="2.203"/>
  <testcase name="testCaseJoin" classname="it.isislab.p2p.chat.TestSemanticHarmonySocialNetwork" time="2.211"/>
  <testcase name="testCaseGetFriends" classname="it.isislab.p2p.chat.TestSemanticHarmonySocialNetwork" time="2.203"/>
  <testcase name="testCaseSendMessageToGroup" classname="it.isislab.p2p.chat.TestSemanticHarmonySocialNetwork" time="2.246"/>
</testsuite>